<?xml version="1.0" encoding="utf-8"?><testsuites name="pytest tests"><testsuite name="pytest" errors="0" failures="0" skipped="0" tests="14" time="4.384" timestamp="2026-01-17T10:15:58.578352+00:00" hostname="agent-env-e602da62-9edd-4619-a3c0-c060c3a61534"><testcase classname="tests.test_ci_analytics_filters.TestAnalyticsFilters" name="test_analytics_no_filters" time="0.371" /><testcase classname="tests.test_ci_analytics_filters.TestAnalyticsFilters" name="test_analytics_with_pillar_filter" time="0.299" /><testcase classname="tests.test_ci_analytics_filters.TestAnalyticsFilters" name="test_analytics_with_department_filter" time="0.303" /><testcase classname="tests.test_ci_analytics_filters.TestAnalyticsFilters" name="test_analytics_with_team_filter" time="0.296" /><testcase classname="tests.test_ci_analytics_filters.TestAnalyticsFilters" name="test_analytics_with_multiple_filters" time="0.306" /><testcase classname="tests.test_ci_analytics_filters.TestAnalyticsFilters" name="test_analytics_with_date_and_pillar_filters" time="0.304" /><testcase classname="tests.test_ci_analytics_filters.TestAnalyticsFilters" name="test_analytics_with_nonexistent_pillar" time="0.304" /><testcase classname="tests.test_ci_analytics_filters.TestDashboardStatsFilters" name="test_stats_with_pillar_filter" time="0.303" /><testcase classname="tests.test_ci_analytics_filters.TestDashboardStatsFilters" name="test_stats_with_department_filter" time="0.340" /><testcase classname="tests.test_ci_analytics_filters.TestIdeasListTechPersonName" name="test_ideas_list_includes_tech_person_name" time="0.287" /><testcase classname="tests.test_ci_analytics_filters.TestIdeasListTechPersonName" name="test_ideas_with_tech_person_assigned" time="0.292" /><testcase classname="tests.test_ci_analytics_filters.TestIdeasListTechPersonName" name="test_idea_detail_includes_tech_person_name" time="0.328" /><testcase classname="tests.test_ci_analytics_filters.TestIdeasFilters" name="test_ideas_filter_by_pillar" time="0.294" /><testcase classname="tests.test_ci_analytics_filters.TestIdeasFilters" name="test_ideas_filter_by_department" time="0.292" /></testsuite></testsuites>