<?xml version="1.0" encoding="utf-8"?><testsuites name="pytest tests"><testsuite name="pytest" errors="0" failures="0" skipped="0" tests="20" time="7.254" timestamp="2026-01-18T21:46:31.822365+00:00" hostname="agent-env-e602da62-9edd-4619-a3c0-c060c3a61534"><testcase classname="tests.test_new_features_iteration4.TestBackendHealth" name="test_health_endpoint" time="0.074" /><testcase classname="tests.test_new_features_iteration4.TestBackendHealth" name="test_auth_login_admin" time="0.293" /><testcase classname="tests.test_new_features_iteration4.TestBackendHealth" name="test_auth_login_approver" time="0.282" /><testcase classname="tests.test_new_features_iteration4.TestBackendHealth" name="test_ideas_list_endpoint" time="0.367" /><testcase classname="tests.test_new_features_iteration4.TestExportExcel" name="test_export_excel_endpoint" time="0.976" /><testcase classname="tests.test_new_features_iteration4.TestExportExcel" name="test_export_excel_requires_auth" time="0.042" /><testcase classname="tests.test_new_features_iteration4.TestUpdateSavings" name="test_update_savings_endpoint_exists" time="0.420" /><testcase classname="tests.test_new_features_iteration4.TestUpdateSavings" name="test_update_savings_cost_savings" time="0.466" /><testcase classname="tests.test_new_features_iteration4.TestUpdateSavings" name="test_update_savings_time_saved" time="0.505" /><testcase classname="tests.test_new_features_iteration4.TestUpdateSavings" name="test_update_savings_requires_ci_role" time="0.402" /><testcase classname="tests.test_new_features_iteration4.TestUpdateSavings" name="test_update_savings_only_for_evaluated_ideas" time="0.371" /><testcase classname="tests.test_new_features_iteration4.TestCanChangeSubrole" name="test_user_model_has_can_change_subrole" time="0.310" /><testcase classname="tests.test_new_features_iteration4.TestCanChangeSubrole" name="test_update_user_with_can_change_subrole" time="0.427" /><testcase classname="tests.test_new_features_iteration4.TestCanChangeSubrole" name="test_approver_me_endpoint_returns_can_change_subrole" time="0.346" /><testcase classname="tests.test_new_features_iteration4.TestModularRefactor" name="test_pillars_endpoint" time="0.304" /><testcase classname="tests.test_new_features_iteration4.TestModularRefactor" name="test_departments_endpoint" time="0.350" /><testcase classname="tests.test_new_features_iteration4.TestModularRefactor" name="test_teams_endpoint" time="0.306" /><testcase classname="tests.test_new_features_iteration4.TestModularRefactor" name="test_dashboard_stats_endpoint" time="0.308" /><testcase classname="tests.test_new_features_iteration4.TestModularRefactor" name="test_dashboard_analytics_endpoint" time="0.316" /><testcase classname="tests.test_new_features_iteration4.TestModularRefactor" name="test_tech_persons_endpoint" time="0.301" /></testsuite></testsuites>