<?xml version="1.0" encoding="utf-8"?><testsuites name="pytest tests"><testsuite name="pytest" errors="0" failures="1" skipped="0" tests="20" time="6.638" timestamp="2026-01-18T21:45:47.872729+00:00" hostname="agent-env-e602da62-9edd-4619-a3c0-c060c3a61534"><testcase classname="tests.test_new_features_iteration4.TestBackendHealth" name="test_health_endpoint" time="0.104" /><testcase classname="tests.test_new_features_iteration4.TestBackendHealth" name="test_auth_login_admin" time="0.266" /><testcase classname="tests.test_new_features_iteration4.TestBackendHealth" name="test_auth_login_approver" time="0.295" /><testcase classname="tests.test_new_features_iteration4.TestBackendHealth" name="test_ideas_list_endpoint" time="0.312" /><testcase classname="tests.test_new_features_iteration4.TestExportExcel" name="test_export_excel_endpoint" time="0.761" /><testcase classname="tests.test_new_features_iteration4.TestExportExcel" name="test_export_excel_requires_auth" time="0.051" /><testcase classname="tests.test_new_features_iteration4.TestUpdateSavings" name="test_update_savings_endpoint_exists" time="0.362" /><testcase classname="tests.test_new_features_iteration4.TestUpdateSavings" name="test_update_savings_cost_savings" time="0.441" /><testcase classname="tests.test_new_features_iteration4.TestUpdateSavings" name="test_update_savings_time_saved" time="0.394" /><testcase classname="tests.test_new_features_iteration4.TestUpdateSavings" name="test_update_savings_requires_ci_role" time="0.348" /><testcase classname="tests.test_new_features_iteration4.TestUpdateSavings" name="test_update_savings_only_for_evaluated_ideas" time="0.345" /><testcase classname="tests.test_new_features_iteration4.TestCanChangeSubrole" name="test_user_model_has_can_change_subrole" time="0.307" /><testcase classname="tests.test_new_features_iteration4.TestCanChangeSubrole" name="test_update_user_with_can_change_subrole" time="0.329"><failure message="AssertionError: assert True == False&#10; +  where True = &lt;built-in method get of dict object at 0xfb99179f78c0&gt;('can_change_subrole')&#10; +    where &lt;built-in method get of dict object at 0xfb99179f78c0&gt; = {'approved_departments': [], 'approved_pillars': [], 'can_change_subrole': True, 'created_at': '2026-01-13T20:56:35.769561+00:00', ...}.get">tests/test_new_features_iteration4.py:353: in test_update_user_with_can_change_subrole
    assert updated_user.get("can_change_subrole") == False
E   AssertionError: assert True == False
E    +  where True = &lt;built-in method get of dict object at 0xfb99179f78c0&gt;('can_change_subrole')
E    +    where &lt;built-in method get of dict object at 0xfb99179f78c0&gt; = {'approved_departments': [], 'approved_pillars': [], 'can_change_subrole': True, 'created_at': '2026-01-13T20:56:35.769561+00:00', ...}.get</failure></testcase><testcase classname="tests.test_new_features_iteration4.TestCanChangeSubrole" name="test_approver_me_endpoint_returns_can_change_subrole" time="0.305" /><testcase classname="tests.test_new_features_iteration4.TestModularRefactor" name="test_pillars_endpoint" time="0.304" /><testcase classname="tests.test_new_features_iteration4.TestModularRefactor" name="test_departments_endpoint" time="0.325" /><testcase classname="tests.test_new_features_iteration4.TestModularRefactor" name="test_teams_endpoint" time="0.301" /><testcase classname="tests.test_new_features_iteration4.TestModularRefactor" name="test_dashboard_stats_endpoint" time="0.312" /><testcase classname="tests.test_new_features_iteration4.TestModularRefactor" name="test_dashboard_analytics_endpoint" time="0.334" /><testcase classname="tests.test_new_features_iteration4.TestModularRefactor" name="test_tech_persons_endpoint" time="0.312" /></testsuite></testsuites>