<?xml version="1.0" encoding="utf-8"?><testsuites name="pytest tests"><testsuite name="pytest" errors="0" failures="0" skipped="0" tests="46" time="55.233" timestamp="2026-01-17T10:06:37.650182+00:00" hostname="agent-env-e602da62-9edd-4619-a3c0-c060c3a61534"><testcase classname="tests.test_backend_api.TestHealthCheck" name="test_health_endpoint" time="0.069" /><testcase classname="tests.test_backend_api.TestPublicEndpoints" name="test_public_pillars" time="0.034" /><testcase classname="tests.test_backend_api.TestPublicEndpoints" name="test_public_departments" time="0.033" /><testcase classname="tests.test_backend_api.TestPublicEndpoints" name="test_public_departments_filtered_by_pillar" time="0.037" /><testcase classname="tests.test_backend_api.TestPublicEndpoints" name="test_public_teams" time="0.037" /><testcase classname="tests.test_backend_api.TestPublicEndpoints" name="test_public_teams_filtered_by_pillar_and_department" time="0.041" /><testcase classname="tests.test_backend_api.TestAuthentication" name="test_admin_login_success" time="0.255" /><testcase classname="tests.test_backend_api.TestAuthentication" name="test_approver_login_success" time="0.258" /><testcase classname="tests.test_backend_api.TestAuthentication" name="test_user_login_failure" time="0.258" /><testcase classname="tests.test_backend_api.TestAuthentication" name="test_login_invalid_credentials" time="0.076" /><testcase classname="tests.test_backend_api.TestAuthentication" name="test_get_current_user" time="0.337" /><testcase classname="tests.test_backend_api.TestAdminPanelAPIs" name="test_get_users" time="0.296" /><testcase classname="tests.test_backend_api.TestAdminPanelAPIs" name="test_get_pillars" time="0.291" /><testcase classname="tests.test_backend_api.TestAdminPanelAPIs" name="test_create_and_delete_pillar" time="0.327" /><testcase classname="tests.test_backend_api.TestAdminPanelAPIs" name="test_get_departments" time="0.294" /><testcase classname="tests.test_backend_api.TestAdminPanelAPIs" name="test_create_and_delete_department" time="0.369" /><testcase classname="tests.test_backend_api.TestAdminPanelAPIs" name="test_get_teams" time="0.294" /><testcase classname="tests.test_backend_api.TestAdminPanelAPIs" name="test_create_and_delete_team" time="0.327" /><testcase classname="tests.test_backend_api.TestAdminPanelAPIs" name="test_get_tech_persons" time="0.314" /><testcase classname="tests.test_backend_api.TestAdminPanelAPIs" name="test_create_and_delete_tech_person" time="0.332" /><testcase classname="tests.test_backend_api.TestApproverSubRole" name="test_set_sub_role" time="0.366" /><testcase classname="tests.test_backend_api.TestApproverSubRole" name="test_invalid_sub_role" time="0.285" /><testcase classname="tests.test_backend_api.TestRegistration" name="test_register_new_user" time="0.565" /><testcase classname="tests.test_backend_api.TestRegistration" name="test_register_duplicate_username" time="0.037" /><testcase classname="tests.test_dashboard_filters_and_delete.TestDashboardFilters" name="test_dashboard_stats_no_filters" time="0.292" /><testcase classname="tests.test_dashboard_filters_and_delete.TestDashboardFilters" name="test_dashboard_stats_filter_by_pillar" time="0.336" /><testcase classname="tests.test_dashboard_filters_and_delete.TestDashboardFilters" name="test_dashboard_stats_filter_by_department" time="0.333" /><testcase classname="tests.test_dashboard_filters_and_delete.TestDashboardFilters" name="test_dashboard_stats_filter_by_team" time="0.333" /><testcase classname="tests.test_dashboard_filters_and_delete.TestDashboardFilters" name="test_dashboard_stats_combined_filters" time="0.338" /><testcase classname="tests.test_dashboard_filters_and_delete.TestDashboardFilters" name="test_dashboard_stats_filter_nonexistent_pillar" time="0.297" /><testcase classname="tests.test_dashboard_filters_and_delete.TestAdminDeleteIdea" name="test_admin_can_delete_idea" time="0.438" /><testcase classname="tests.test_dashboard_filters_and_delete.TestAdminDeleteIdea" name="test_delete_nonexistent_idea_returns_404" time="0.293" /><testcase classname="tests.test_dashboard_filters_and_delete.TestAdminDeleteIdea" name="test_delete_also_removes_comments" time="0.409" /><testcase classname="tests.test_dashboard_filters_and_delete.TestNonAdminCannotDelete" name="test_approver_cannot_delete_idea" time="0.326" /><testcase classname="tests.test_dashboard_filters_and_delete.TestNonAdminCannotDelete" name="test_unauthenticated_cannot_delete_idea" time="0.037" /><testcase classname="tests.test_dashboard_filters_and_delete.TestIdeasFilteringAPI" name="test_filter_ideas_by_pillar" time="0.371" /><testcase classname="tests.test_dashboard_filters_and_delete.TestIdeasFilteringAPI" name="test_filter_ideas_by_department" time="0.327" /><testcase classname="tests.test_dashboard_filters_and_delete.TestIdeasFilteringAPI" name="test_filter_ideas_by_team" time="0.332" /><testcase classname="tests.test_dashboard_stats.TestDashboardStats" name="test_dashboard_stats_endpoint_returns_200" time="0.311" /><testcase classname="tests.test_dashboard_stats.TestDashboardStats" name="test_dashboard_stats_has_implemented_ideas_field" time="0.299" /><testcase classname="tests.test_dashboard_stats.TestDashboardStats" name="test_dashboard_stats_has_assigned_to_te_ideas_field" time="0.294" /><testcase classname="tests.test_dashboard_stats.TestDashboardStats" name="test_dashboard_stats_has_best_idea_field" time="27.738" /><testcase classname="tests.test_dashboard_stats.TestDashboardStats" name="test_dashboard_stats_counts_match_ideas_list" time="0.381" /><testcase classname="tests.test_dashboard_stats.TestDashboardStats" name="test_dashboard_stats_all_required_fields" time="15.552" /><testcase classname="tests.test_dashboard_stats.TestIdeasFiltering" name="test_filter_ideas_by_implemented_status" time="0.298" /><testcase classname="tests.test_dashboard_stats.TestIdeasFiltering" name="test_filter_ideas_by_assigned_to_te_status" time="0.295" /></testsuite></testsuites>